[INFO ] 2025-06-18 02:23:55.478 [main] S.Stepdef - log setup method is executed .....
[INFO ] 2025-06-18 02:23:55.536 [main] S.Stepdef - log launch chrome browser is executed .....
[INFO ] 2025-06-18 02:23:56.791 [main] S.Stepdef - log url string is executed .....
[INFO ] 2025-06-18 02:23:57.587 [main] S.Stepdef - log eneterd email & password is executed .....
[INFO ] 2025-06-18 02:24:01.783 [main] S.Stepdef - log login button is clicked .....
[WARN ] 2025-06-18 02:24:02.126 [main] S.Stepdef - test failed :login feature :page title not found .....
[INFO ] 2025-06-18 02:24:06.047 [main] S.Stepdef - log setup method is executed .....
[INFO ] 2025-06-18 02:24:06.051 [main] S.Stepdef - log launch chrome browser is executed .....
[INFO ] 2025-06-18 02:24:07.409 [main] S.Stepdef - log url string is executed .....
[INFO ] 2025-06-18 02:24:08.109 [main] S.Stepdef - log eneterd email & password is executed .....
[INFO ] 2025-06-18 02:24:12.245 [main] S.Stepdef - log login button is clicked .....
[WARN ] 2025-06-18 02:24:12.464 [main] S.Stepdef - test failed :login feature :page title not found .....
[INFO ] 2025-06-18 02:32:12.029 [main] S.Stepdef - log setup method is executed .....
[INFO ] 2025-06-18 02:32:12.052 [main] S.Stepdef - log launch chrome browser is executed .....
[INFO ] 2025-06-18 02:32:13.366 [main] S.Stepdef - log url string is executed .....
[INFO ] 2025-06-18 02:32:13.981 [main] S.Stepdef - log eneterd email & password is executed .....
[INFO ] 2025-06-18 02:32:18.129 [main] S.Stepdef - log login button is clicked .....
[WARN ] 2025-06-18 02:32:18.281 [main] S.Stepdef - test failed :login feature :page title not found .....
[INFO ] 2025-06-18 02:32:19.342 [main] S.Stepdef - log setup method is executed .....
[INFO ] 2025-06-18 02:32:19.346 [main] S.Stepdef - log launch chrome browser is executed .....
[INFO ] 2025-06-18 02:32:20.692 [main] S.Stepdef - log url string is executed .....
[INFO ] 2025-06-18 02:32:21.148 [main] S.Stepdef - log eneterd email & password is executed .....
[INFO ] 2025-06-18 02:32:25.283 [main] S.Stepdef - log login button is clicked .....
[WARN ] 2025-06-18 02:32:25.562 [main] S.Stepdef - test failed :login feature :page title not found .....
[INFO ] 2025-06-18 02:32:26.707 [main] S.Stepdef - log setup method is executed .....
[INFO ] 2025-06-18 02:32:26.710 [main] S.Stepdef - log launch chrome browser is executed .....
[INFO ] 2025-06-18 02:32:28.061 [main] S.Stepdef - log url string is executed .....
[INFO ] 2025-06-18 02:32:28.550 [main] S.Stepdef - log eneterd email & password is executed .....
[INFO ] 2025-06-18 02:32:32.662 [main] S.Stepdef - log login button is clicked .....
[WARN ] 2025-06-18 02:32:32.788 [main] S.Stepdef - test failed :login feature :page title not found .....
[INFO ] 2025-06-18 03:13:58.102 [main] S.Stepdef - log setup method is executed .....
[INFO ] 2025-06-18 03:13:58.134 [main] S.Stepdef - log launch chrome browser is executed .....
[INFO ] 2025-06-18 03:13:59.566 [main] S.Stepdef - log url string is executed .....
[INFO ] 2025-06-18 03:14:00.225 [main] S.Stepdef - log eneterd email & password is executed .....
[INFO ] 2025-06-18 03:14:04.560 [main] S.Stepdef - log login button is clicked .....
[WARN ] 2025-06-18 03:14:04.569 [main] S.Stepdef - test failed :login feature :page title not found .....
[INFO ] 2025-06-18 03:36:07.619 [main] S.Stepdef - log setup method is executed .....
[INFO ] 2025-06-18 03:36:07.649 [main] S.Stepdef - log launch chrome browser is executed .....
[INFO ] 2025-06-18 03:36:09.036 [main] S.Stepdef - log url string is executed .....
[INFO ] 2025-06-18 03:36:09.630 [main] S.Stepdef - log eneterd email & password is executed .....
[INFO ] 2025-06-18 03:36:13.789 [main] S.Stepdef - log login button is clicked .....
[WARN ] 2025-06-18 03:36:13.920 [main] S.Stepdef - test failed :login feature :page title not found .....
[INFO ] 2025-06-18 06:35:32.362 [main] S.Stepdef - log setup method is executed .....
[INFO ] 2025-06-18 06:35:32.397 [main] S.Stepdef - log launch chrome browser is executed .....
[INFO ] 2025-06-18 06:35:33.679 [main] S.Stepdef - log url string is executed .....
[INFO ] 2025-06-18 06:35:34.331 [main] S.Stepdef - log eneterd email & password is executed .....
[INFO ] 2025-06-18 06:35:38.525 [main] S.Stepdef - log login button is clicked .....
[WARN ] 2025-06-18 06:35:38.685 [main] S.Stepdef - test failed :login feature :page title not found .....
[INFO ] 2025-06-18 07:01:44.719 [main] S.Stepdef - log setup method is executed .....
[INFO ] 2025-06-18 07:01:44.762 [main] S.Stepdef - log launch chrome browser is executed .....
[INFO ] 2025-06-18 07:01:46.152 [main] S.Stepdef - log url string is executed .....
[INFO ] 2025-06-18 07:01:46.959 [main] S.Stepdef - log eneterd email & password is executed .....
[INFO ] 2025-06-18 07:01:51.250 [main] S.Stepdef - log login button is clicked .....
[WARN ] 2025-06-18 07:01:51.421 [main] S.Stepdef - test failed :login feature :page title not found .....
[INFO ] 2025-06-18 10:01:41.114 [main] S.Stepdef - log setup method is executed .....
[INFO ] 2025-06-18 10:01:41.156 [main] S.Stepdef - log launch chrome browser is executed .....
[INFO ] 2025-06-18 10:01:42.476 [main] S.Stepdef - log url string is executed .....
[INFO ] 2025-06-18 10:01:42.900 [main] S.Stepdef - log eneterd email & password is executed .....
[INFO ] 2025-06-18 10:01:47.052 [main] S.Stepdef - log login button is clicked .....
[WARN ] 2025-06-18 10:01:47.257 [main] S.Stepdef - test failed :login feature :page title not found .....
[INFO ] 2025-06-18 10:27:06.675 [main] S.Stepdef - log setup method is executed .....
[INFO ] 2025-06-18 10:27:06.697 [main] S.Stepdef - log launch chrome browser is executed .....
[INFO ] 2025-06-18 10:27:08.234 [main] S.Stepdef - log url string is executed .....
[INFO ] 2025-06-18 10:27:08.806 [main] S.Stepdef - log eneterd email & password is executed .....
[INFO ] 2025-06-18 10:27:12.975 [main] S.Stepdef - log login button is clicked .....
[WARN ] 2025-06-18 10:27:13.112 [main] S.Stepdef - test failed :login feature :page title not found .....
[INFO ] 2025-06-18 10:27:48.412 [main] S.Stepdef - log setup method is executed .....
[INFO ] 2025-06-18 10:27:48.443 [main] S.Stepdef - log launch chrome browser is executed .....
[INFO ] 2025-06-18 10:27:49.725 [main] S.Stepdef - log url string is executed .....
[INFO ] 2025-06-18 10:27:50.238 [main] S.Stepdef - log eneterd email & password is executed .....
[INFO ] 2025-06-18 10:27:54.384 [main] S.Stepdef - log login button is clicked .....
[INFO ] 2025-06-18 10:27:55.380 [main] S.Stepdef - log setup method is executed .....
[INFO ] 2025-06-18 10:27:55.386 [main] S.Stepdef - log launch chrome browser is executed .....
[INFO ] 2025-06-18 10:27:56.799 [main] S.Stepdef - log url string is executed .....
[INFO ] 2025-06-18 10:27:57.489 [main] S.Stepdef - log eneterd email & password is executed .....
[INFO ] 2025-06-18 10:28:01.645 [main] S.Stepdef - log login button is clicked .....
[INFO ] 2025-06-18 10:28:02.691 [main] S.Stepdef - log setup method is executed .....
[INFO ] 2025-06-18 10:28:02.696 [main] S.Stepdef - log launch chrome browser is executed .....
[INFO ] 2025-06-18 10:28:03.325 [main] S.Stepdef - log url string is executed .....
[INFO ] 2025-06-18 10:28:03.955 [main] S.Stepdef - log eneterd email & password is executed .....
[INFO ] 2025-06-18 10:28:08.106 [main] S.Stepdef - log login button is clicked .....
[WARN ] 2025-06-18 10:28:08.244 [main] S.Stepdef - test failed :login feature :page title not found .....
[INFO ] 2025-06-18 10:38:44.878 [main] S.Stepdef - log setup method is executed .....
[INFO ] 2025-06-18 10:38:44.910 [main] S.Stepdef - log launch chrome browser is executed .....
[INFO ] 2025-06-18 10:38:46.314 [main] S.Stepdef - log url string is executed .....
[INFO ] 2025-06-18 10:38:46.830 [main] S.Stepdef - log eneterd email & password is executed .....
[INFO ] 2025-06-18 10:38:50.984 [main] S.Stepdef - log login button is clicked .....
[INFO ] 2025-06-18 10:38:52.053 [main] S.Stepdef - log setup method is executed .....
[INFO ] 2025-06-18 10:38:52.055 [main] S.Stepdef - log launch chrome browser is executed .....
[INFO ] 2025-06-18 10:38:53.344 [main] S.Stepdef - log url string is executed .....
[INFO ] 2025-06-18 10:38:53.835 [main] S.Stepdef - log eneterd email & password is executed .....
[INFO ] 2025-06-18 10:38:57.929 [main] S.Stepdef - log login button is clicked .....
[INFO ] 2025-06-18 10:38:59.012 [main] S.Stepdef - log setup method is executed .....
[INFO ] 2025-06-18 10:38:59.014 [main] S.Stepdef - log launch chrome browser is executed .....
[INFO ] 2025-06-18 10:39:00.308 [main] S.Stepdef - log url string is executed .....
[INFO ] 2025-06-18 10:39:00.754 [main] S.Stepdef - log eneterd email & password is executed .....
[INFO ] 2025-06-18 10:39:04.867 [main] S.Stepdef - log login button is clicked .....
[WARN ] 2025-06-18 10:39:05.040 [main] S.Stepdef - test failed :login feature :page title not found .....
[INFO ] 2025-06-18 19:47:36.113 [main] S.Stepdef - log setup method is executed .....
[INFO ] 2025-06-18 19:47:36.146 [main] S.Stepdef - log launch chrome browser is executed .....
[INFO ] 2025-06-18 19:47:37.477 [main] S.Stepdef - log url string is executed .....
[INFO ] 2025-06-18 19:47:37.971 [main] S.Stepdef - log eneterd email & password is executed .....
[INFO ] 2025-06-18 19:47:42.237 [main] S.Stepdef - log login button is clicked .....
[WARN ] 2025-06-18 19:47:42.390 [main] S.Stepdef - test failed :login feature :page title not found .....
[INFO ] 2025-06-18 19:54:10.716 [main] S.Stepdef - log setup method is executed .....
[INFO ] 2025-06-18 19:54:10.751 [main] S.Stepdef - log launch chrome browser is executed .....
[INFO ] 2025-06-18 19:54:12.134 [main] S.Stepdef - log url string is executed .....
[INFO ] 2025-06-18 19:54:12.604 [main] S.Stepdef - log eneterd email & password is executed .....
[INFO ] 2025-06-18 19:54:16.894 [main] S.Stepdef - log login button is clicked .....
[WARN ] 2025-06-18 19:54:17.110 [main] S.Stepdef - test failed :login feature :page title not found .....
[INFO ] 2025-06-18 20:13:53.226 [main] S.Stepdef - log setup method is executed .....
[INFO ] 2025-06-18 20:13:53.257 [main] S.Stepdef - log launch chrome browser is executed .....
[INFO ] 2025-06-18 20:13:54.580 [main] S.Stepdef - log url string is executed .....
[INFO ] 2025-06-18 20:13:55.154 [main] S.Stepdef - log eneterd email & password is executed .....
[INFO ] 2025-06-18 20:13:59.399 [main] S.Stepdef - log login button is clicked .....
[WARN ] 2025-06-18 20:13:59.640 [main] S.Stepdef - test failed :login feature :page title not found .....
[INFO ] 2025-06-18 20:26:57.762 [main] S.Stepdef - log setup method is executed .....
[INFO ] 2025-06-18 20:26:57.808 [main] S.Stepdef - log launch chrome browser is executed .....
[INFO ] 2025-06-18 20:26:59.210 [main] S.Stepdef - log url string is executed .....
[INFO ] 2025-06-18 20:26:59.763 [main] S.Stepdef - log eneterd email & password is executed .....
[INFO ] 2025-06-18 20:27:03.938 [main] S.Stepdef - log login button is clicked .....
[WARN ] 2025-06-18 20:27:04.392 [main] S.Stepdef - test failed :login feature :page title not found .....
